<?xml version="1.0" encoding="UTF-8"?>
<!-- Generated by org.testng.reporters.JUnitReportReporter -->
<testsuite hostname="DESKTOP-HIN4ESK" failures="0" tests="10" name="Test.Bottomlinktest" time="87.482" errors="0" timestamp="2024-09-20T19:11:25 IST" skipped="0">
  <testcase classname="Test.Bottomlinktest" name="bottommenu" time="8.015"/>
  <testcase classname="Test.Bottomlinktest" name="bottommenu" time="11.252"/>
  <testcase classname="Test.Bottomlinktest" name="bottommenu" time="9.495"/>
  <testcase classname="Test.Bottomlinktest" name="bottommenu" time="9.413"/>
  <testcase classname="Test.Bottomlinktest" name="bottommenu" time="8.288"/>
  <testcase classname="Test.Bottomlinktest" name="bottommenu" time="7.668"/>
  <testcase classname="Test.Bottomlinktest" name="bottommenu" time="7.928"/>
  <testcase classname="Test.Bottomlinktest" name="bottommenu" time="7.839"/>
  <testcase classname="Test.Bottomlinktest" name="bottommenu" time="8.892"/>
  <testcase classname="Test.Bottomlinktest" name="bottommenu" time="8.692"/>
</testsuite> <!-- Test.Bottomlinktest -->
