<?xml version="1.0" encoding="UTF-8"?>
<!-- Generated by org.testng.reporters.JUnitReportReporter -->
<testsuite hostname="DESKTOP-HIN4ESK" failures="0" tests="11" name="Test.Topmenutest" time="202.254" errors="0" timestamp="2024-09-20T19:11:25 IST" skipped="0">
  <testcase classname="Test.Topmenutest" name="tomenu" time="13.405"/>
  <testcase classname="Test.Topmenutest" name="tomenu" time="13.517"/>
  <testcase classname="Test.Topmenutest" name="tomenu" time="27.915"/>
  <testcase classname="Test.Topmenutest" name="tomenu" time="13.221"/>
  <testcase classname="Test.Topmenutest" name="tomenu" time="28.871"/>
  <testcase classname="Test.Topmenutest" name="tomenu" time="21.217"/>
  <testcase classname="Test.Topmenutest" name="tomenu" time="12.475"/>
  <testcase classname="Test.Topmenutest" name="tomenu" time="13.794"/>
  <testcase classname="Test.Topmenutest" name="tomenu" time="13.538"/>
  <testcase classname="Test.Topmenutest" name="tomenu" time="29.484"/>
  <testcase classname="Test.Topmenutest" name="tomenu" time="14.817"/>
</testsuite> <!-- Test.Topmenutest -->
