<?xml version="1.0" encoding="UTF-8"?>
<!-- Generated by org.testng.reporters.JUnitReportReporter -->
<testsuite hostname="DESKTOP-HIN4ESK" failures="0" tests="1" name="Test.Searchbtncarttest" time="34.463" errors="0" timestamp="2024-09-20T19:11:25 IST" skipped="0">
  <testcase classname="Test.Searchbtncarttest" name="addtocart" time="34.463"/>
</testsuite> <!-- Test.Searchbtncarttest -->
