<?xml version="1.0" encoding="UTF-8"?>
<!-- Generated by org.testng.reporters.JUnitReportReporter -->
<testsuite hostname="DESKTOP-HIN4ESK" failures="0" tests="1" name="Test.Selectbydepartmenttest" time="25.715" errors="0" timestamp="2024-09-21T16:28:42 IST" skipped="0">
  <testcase classname="Test.Selectbydepartmenttest" name="addtocart" time="25.715"/>
</testsuite> <!-- Test.Selectbydepartmenttest -->
