<?xml version="1.0" encoding="UTF-8"?>
<!-- Generated by org.testng.reporters.JUnitReportReporter -->
<testsuite hostname="DESKTOP-HIN4ESK" failures="0" tests="1" name="Test.urltest" time="11.338" errors="0" timestamp="2024-09-21T16:28:42 IST" skipped="0">
  <testcase classname="Test.urltest" name="brokencurrenturl" time="11.338"/>
</testsuite> <!-- Test.urltest -->
