<?xml version="1.0" encoding="UTF-8"?>
<!-- Generated by org.testng.reporters.JUnitReportReporter -->
<testsuite hostname="DESKTOP-HIN4ESK" failures="0" tests="11" name="Test.Topmenutest" time="177.261" errors="0" timestamp="2024-09-21T16:28:42 IST" skipped="0">
  <testcase classname="Test.Topmenutest" name="tomenu" time="16.489"/>
  <testcase classname="Test.Topmenutest" name="tomenu" time="22.122"/>
  <testcase classname="Test.Topmenutest" name="tomenu" time="12.658"/>
  <testcase classname="Test.Topmenutest" name="tomenu" time="22.526"/>
  <testcase classname="Test.Topmenutest" name="tomenu" time="14.358"/>
  <testcase classname="Test.Topmenutest" name="tomenu" time="12.991"/>
  <testcase classname="Test.Topmenutest" name="tomenu" time="13.520"/>
  <testcase classname="Test.Topmenutest" name="tomenu" time="23.213"/>
  <testcase classname="Test.Topmenutest" name="tomenu" time="12.416"/>
  <testcase classname="Test.Topmenutest" name="tomenu" time="12.880"/>
  <testcase classname="Test.Topmenutest" name="tomenu" time="14.088"/>
</testsuite> <!-- Test.Topmenutest -->
