<?xml version="1.0" encoding="UTF-8"?>
<!-- Generated by org.testng.reporters.JUnitReportReporter -->
<testsuite hostname="DESKTOP-HIN4ESK" failures="0" tests="1" name="Test.Checkouttest" time="35.749" errors="0" timestamp="2024-09-21T16:28:42 IST" skipped="0">
  <testcase classname="Test.Checkouttest" name="checkout" time="35.749"/>
</testsuite> <!-- Test.Checkouttest -->
