<?xml version="1.0" encoding="UTF-8"?>
<!-- Generated by org.testng.reporters.JUnitReportReporter -->
<testsuite hostname="DESKTOP-HIN4ESK" failures="0" tests="10" name="Test.Bottomlinktest" time="89.105" errors="0" timestamp="2024-09-21T16:28:42 IST" skipped="0">
  <testcase classname="Test.Bottomlinktest" name="bottommenu" time="8.367"/>
  <testcase classname="Test.Bottomlinktest" name="bottommenu" time="9.939"/>
  <testcase classname="Test.Bottomlinktest" name="bottommenu" time="9.379"/>
  <testcase classname="Test.Bottomlinktest" name="bottommenu" time="8.981"/>
  <testcase classname="Test.Bottomlinktest" name="bottommenu" time="8.376"/>
  <testcase classname="Test.Bottomlinktest" name="bottommenu" time="8.461"/>
  <testcase classname="Test.Bottomlinktest" name="bottommenu" time="8.660"/>
  <testcase classname="Test.Bottomlinktest" name="bottommenu" time="9.616"/>
  <testcase classname="Test.Bottomlinktest" name="bottommenu" time="9.225"/>
  <testcase classname="Test.Bottomlinktest" name="bottommenu" time="8.101"/>
</testsuite> <!-- Test.Bottomlinktest -->
